<?xml version="1.0" encoding="UTF-8"?>
<!-- Generated by org.testng.reporters.JUnitReportReporter -->
<testsuite hostname="FaisalKhatri" name="test.chkxpath" tests="1" failures="0" timestamp="14 Aug 2016 12:04:30 GMT" time="10.463" errors="0">
  <testcase name="chktest" time="10.463" classname="test.chkxpath"/>
</testsuite> <!-- test.chkxpath -->
