<?xml version="1.0" encoding="UTF-8"?>
<!-- Generated by org.testng.reporters.JUnitReportReporter -->
<testsuite hostname="FaisalKhatri" name="test.basetest" tests="1" failures="0" timestamp="4 Aug 2016 16:41:29 GMT" time="80.674" errors="0">
  <testcase name="test1" time="80.674" classname="test.basetest"/>
</testsuite> <!-- test.basetest -->
