<?xml version="1.0" encoding="UTF-8"?>
<!-- Generated by org.testng.reporters.JUnitReportReporter -->
<testsuite hostname="FaisalKhatri" name="test.PracticeForm" tests="1" failures="0" timestamp="4 Aug 2016 17:37:42 GMT" time="43.605" errors="0">
  <testcase name="Practicetest" time="43.605" classname="test.PracticeForm"/>
</testsuite> <!-- test.PracticeForm -->
