<?xml version="1.0" encoding="UTF-8"?>
<!-- Generated by org.testng.reporters.JUnitReportReporter -->
<testsuite hostname="FaisalKhatri" name="com.guru99.TestCases.VerifyBankLogin" tests="1" failures="0" timestamp="5 Sep 2016 07:30:16 GMT" time="13.834" errors="0">
  <testcase name="ValidLogin" time="13.834" classname="com.guru99.TestCases.VerifyBankLogin"/>
</testsuite> <!-- com.guru99.TestCases.VerifyBankLogin -->
