<?xml version="1.0" encoding="UTF-8"?>
<!-- Generated by org.testng.reporters.JUnitReportReporter -->
<testsuite hostname="FaisalKhatri" name="test.Mousehover" tests="1" failures="0" timestamp="8 Aug 2016 17:24:54 GMT" time="20.360" errors="0">
  <testcase name="hovertest" time="20.360" classname="test.Mousehover"/>
</testsuite> <!-- test.Mousehover -->
