<?xml version="1.0" encoding="UTF-8"?>
<!-- Generated by org.testng.reporters.JUnitReportReporter -->
<testsuite hostname="FaisalKhatri" name="test.screenshot" tests="1" failures="0" timestamp="20 Aug 2016 06:23:23 GMT" time="0.750" errors="0">
  <testcase name="testsc" time="0.750" classname="test.screenshot"/>
</testsuite> <!-- test.screenshot -->
