<?xml version="1.0" encoding="UTF-8"?>
<!-- Generated by org.testng.reporters.JUnitReportReporter -->
<testsuite hostname="FaisalKhatri" name="test.Multidrpdwn" tests="1" failures="0" timestamp="15 Aug 2016 03:49:15 GMT" time="18.029" errors="0">
  <testcase name="mltdrp" time="18.029" classname="test.Multidrpdwn"/>
</testsuite> <!-- test.Multidrpdwn -->
