<?xml version="1.0" encoding="UTF-8"?>
<!-- Generated by org.testng.reporters.JUnitReportReporter -->
<testsuite hostname="FaisalKhatri" name="test.tables" tests="1" failures="0" timestamp="15 Aug 2016 06:12:50 GMT" time="39.868" errors="0">
  <testcase name="colvaltest" time="39.868" classname="test.tables"/>
</testsuite> <!-- test.tables -->
