<?xml version="1.0" encoding="UTF-8"?>
<!-- Generated by org.testng.reporters.JUnitReportReporter -->
<testsuite hostname="FaisalKhatri" name="test.basechrome" tests="1" failures="0" timestamp="2 Aug 2016 17:31:18 GMT" time="25.793" errors="0">
  <testcase name="chrometest" time="25.793" classname="test.basechrome"/>
</testsuite> <!-- test.basechrome -->
