<?xml version="1.0" encoding="UTF-8"?>
<!-- Generated by org.testng.reporters.JUnitReportReporter -->
<testsuite hostname="FaisalKhatri" name="test.loginwindow" tests="1" failures="0" timestamp="8 Aug 2016 17:52:19 GMT" time="55.315" errors="0">
  <testcase name="hovertest" time="55.315" classname="test.loginwindow"/>
</testsuite> <!-- test.loginwindow -->
