<?xml version="1.0" encoding="UTF-8"?>
<!-- Generated by org.testng.reporters.JUnitReportReporter -->
<testsuite hostname="FaisalKhatri" name="test.Radiobtn" tests="1" failures="0" timestamp="14 Aug 2016 12:22:16 GMT" time="24.121" errors="0">
  <testcase name="RadioTest" time="24.121" classname="test.Radiobtn"/>
</testsuite> <!-- test.Radiobtn -->
