<?xml version="1.0" encoding="UTF-8"?>
<!-- Generated by org.testng.reporters.JUnitReportReporter -->
<testsuite hostname="FaisalKhatri" name="test.chkbox" tests="1" failures="0" timestamp="14 Aug 2016 14:35:52 GMT" time="12.798" errors="0">
  <testcase name="chktest" time="12.798" classname="test.chkbox"/>
</testsuite> <!-- test.chkbox -->
