<?xml version="1.0" encoding="UTF-8"?>
<!-- Generated by org.testng.reporters.JUnitReportReporter -->
<testsuite hostname="FaisalKhatri" name="test.dropdownbox" tests="1" failures="0" timestamp="14 Aug 2016 16:29:53 GMT" time="31.913" errors="0">
  <testcase name="dropdowntest" time="31.913" classname="test.dropdownbox"/>
</testsuite> <!-- test.dropdownbox -->
